#
# A fatal error has been detected by the Java Runtime Environment:
#
#  SIGBUS (0x7) at pc=0x00007faa7e3af0e0, pid=31188, tid=140370250118912
#
# JRE version: 7.0_09-b05
# Java VM: Java HotSpot(TM) 64-Bit Server VM (23.5-b02 mixed mode linux-amd64 compressed oops)
# Problematic frame:
# C  [libc.so.6+0x1500e0]  __nss_hosts_lookup+0x18e60
#
# Failed to write core dump. Core dumps have been disabled. To enable core dumping, try "ulimit -c unlimited" before starting Java again
#
# If you would like to submit a bug report, please visit:
#   http://bugreport.sun.com/bugreport/crash.jsp
#

---------------  T H R E A D  ---------------

Current thread (0x00007faa78009000):  JavaThread "main" [_thread_in_vm, id=31194, stack(0x00007faa7ed53000,0x00007faa7ee54000)]

siginfo:si_signo=SIGBUS: si_errno=0, si_code=2 (BUS_ADRERR), si_addr=0x00007faa6c029059

Registers:
RAX=0x00000000ec642610, RBX=0x00007faa78009000, RCX=0x00000000ec642610, RDX=0x0000000000000a24
RSP=0x00007faa7ee51dd8, RBP=0x00007faa7ee51e30, RSI=0x00007faa6c029059, RDI=0x00000000ec642610
R8 =0x00007faa7ee51f08, R9 =0x0000000000000010, R10=0x00007faa75011f64, R11=0x00007faa7dd08cf0
R12=0x0000000000000000, R13=0x00007faa7ee51f08, R14=0x00007faa7ee51df0, R15=0x0000000000000010
RIP=0x00007faa7e3af0e0, EFLAGS=0x0000000000010202, CSGSFS=0x0000000000000033, ERR=0x0000000000000004
  TRAPNO=0x000000000000000e

Top of Stack: (sp=0x00007faa7ee51dd8)
0x00007faa7ee51dd8:   00007faa7ddc40f3 00007faa780099c0
0x00007faa7ee51de8:   00007faa6c029059 00007faa78009000
0x00007faa7ee51df8:   0000000000000009 00007faa78009998
0x00007faa7ee51e08:   00000000bded71b8 0000000000000000
0x00007faa7ee51e18:   00000000bded71b8 00007faa7ee51f28
0x00007faa7ee51e28:   00007faa78009000 00007faa7ee51ec8
0x00007faa7ee51e38:   00007faa75011f90 0000000000000a24
0x00007faa7ee51e48:   00000000be5bfe60 0000002b7ee522b0
0x00007faa7ee51e58:   00007faa78009000 00007faa7ee52230
0x00007faa7ee51e68:   00000000be5d0150 00007faa78329050
0x00007faa7ee51e78:   00007faa78172a90 00007faa78009988
0x00007faa7ee51e88:   00007faa7ee51e88 0000000000000000
0x00007faa7ee51e98:   00007faa7ee51f28 00000000bdeda028
0x00007faa7ee51ea8:   0000000000000000 00000000bded71b8
0x00007faa7ee51eb8:   0000000000000000 00007faa7ee51ee8
0x00007faa7ee51ec8:   00007faa7ee51f70 00007faa75006158
0x00007faa7ee51ed8:   0000000000000000 00007faa7500edd8
0x00007faa7ee51ee8:   0000000000000a24 00007faa7ee51f10
0x00007faa7ee51ef8:   0000000000000010 00007faa78172ac0
0x00007faa7ee51f08:   00000000ec642600 00007faa6c029059
0x00007faa7ee51f18:   00007faa78172a90 0000000000000000
0x00007faa7ee51f28:   00000000eca0e758 00007faa7ee51f30
0x00007faa7ee51f38:   00000000bdf7aa7a 00007faa7ee51fe0
0x00007faa7ee51f48:   00000000bdf7b8f0 0000000000000000
0x00007faa7ee51f58:   00000000bdf7aaa8 00007faa7ee51ee8
0x00007faa7ee51f68:   00007faa7ee51fa0 00007faa7ee52028
0x00007faa7ee51f78:   00007faa75006158 0000000000000a24
0x00007faa7ee51f88:   0000000000000000 0000000000000010
0x00007faa7ee51f98:   0000000000000000 0000000000000a24
0x00007faa7ee51fa8:   0000000000000a24 0000000000000000
0x00007faa7ee51fb8:   0000000000000000 0000000000000010
0x00007faa7ee51fc8:   00007faa7ee52028 00000000ec642600 

Instructions: (pc=0x00007faa7e3af0e0)
0x00007faa7e3af0c0:   fa 90 00 00 00 73 19 48 01 d6 48 01 d7 4c 8d 1d
0x00007faa7e3af0d0:   9c 7b 03 00 49 63 14 93 49 8d 14 13 ff e2 0f 0b
0x00007faa7e3af0e0:   f3 0f 6f 06 49 89 f8 48 83 e7 f0 48 83 c7 10 49
0x00007faa7e3af0f0:   89 f9 4d 29 c1 4c 29 ca 4c 01 ce 49 89 f1 49 83 

Register to memory mapping:

RAX=0x00000000ec642610 is an unknown value
RBX=0x00007faa78009000 is a thread
RCX=0x00000000ec642610 is an unknown value
RDX=0x0000000000000a24 is an unknown value
RSP=0x00007faa7ee51dd8 is pointing into the stack for thread: 0x00007faa78009000
RBP=0x00007faa7ee51e30 is pointing into the stack for thread: 0x00007faa78009000
RSI=0x00007faa6c029059 is an unknown value
RDI=0x00000000ec642610 is an unknown value
R8 =0x00007faa7ee51f08 is pointing into the stack for thread: 0x00007faa78009000
R9 =0x0000000000000010 is an unknown value
R10=0x00007faa75011f64 is an Interpreter codelet
method entry point (kind = native)  [0x00007faa75011d00, 0x00007faa75012540]  2112 bytes
R11=0x00007faa7dd08cf0: <offset 0x7cecf0> in /usr/lib/jvm/java-7-oracle/jre/lib/amd64/server/libjvm.so at 0x00007faa7d53a000
R12=0x0000000000000000 is an unknown value
R13=0x00007faa7ee51f08 is pointing into the stack for thread: 0x00007faa78009000
R14=0x00007faa7ee51df0 is pointing into the stack for thread: 0x00007faa78009000
R15=0x0000000000000010 is an unknown value


Stack: [0x00007faa7ed53000,0x00007faa7ee54000],  sp=0x00007faa7ee51dd8,  free space=1019k
Native frames: (J=compiled Java code, j=interpreted, Vv=VM code, C=native code)
C  [libc.so.6+0x1500e0]  __nss_hosts_lookup+0x18e60
j  sun.misc.Unsafe.copyMemory(Ljava/lang/Object;JLjava/lang/Object;JJ)V+0
j  java.nio.Bits.copyToArray(JLjava/lang/Object;JJJ)V+42
j  java.nio.DirectByteBuffer.get([BII)Ljava/nio/ByteBuffer;+98
j  com.itextpdf.text.io.ByteBufferRandomAccessSource.get(J[BII)I+66
j  com.itextpdf.text.io.MappedChannelRandomAccessSource.get(J[BII)I+27
j  com.itextpdf.text.io.FileChannelRandomAccessSource.get(J[BII)I+10
j  com.itextpdf.text.io.GetBufferedRandomAccessSource.get(J[BII)I+10
j  com.itextpdf.text.io.IndependentRandomAccessSource.get(J[BII)I+10
j  com.itextpdf.text.pdf.RandomAccessFileOrArray.read([BII)I+56
j  com.itextpdf.text.pdf.RandomAccessFileOrArray.readFully([BII)V+13
j  com.itextpdf.text.pdf.RandomAccessFileOrArray.readFully([B)V+5
j  com.itextpdf.text.pdf.PdfReader.getStreamBytesRaw(Lcom/itextpdf/text/pdf/PRStream;Lcom/itextpdf/text/pdf/RandomAccessFileOrArray;)[B+39
j  com.itextpdf.text.pdf.PdfReader.getStreamBytes(Lcom/itextpdf/text/pdf/PRStream;Lcom/itextpdf/text/pdf/RandomAccessFileOrArray;)[B+2
j  com.itextpdf.text.pdf.PdfReader.getStreamBytes(Lcom/itextpdf/text/pdf/PRStream;)[B+14
j  com.itextpdf.text.pdf.PdfStamperImp.readColorProfile()V+92
j  com.itextpdf.text.pdf.PdfStamperImp.<init>(Lcom/itextpdf/text/pdf/PdfReader;Ljava/io/OutputStream;CZ)V+522
j  com.itextpdf.text.pdf.PdfStamper.<init>(Lcom/itextpdf/text/pdf/PdfReader;Ljava/io/OutputStream;)V+13
j  org.cendra.eadministration.pdf.business.EexpPageBuilder.buildBody(Lcom/itextpdf/text/Document;Lorg/cendra/eadministration/pdf/model/EexpPage;)V+142
j  org.cendra.eadministration.pdf.business.EexpPageBuilder.build(Lorg/cendra/eadministration/pdf/model/PdfA3a;)V+184
j  org.cendra.eadministration.pdf.App.example()V+405
j  org.cendra.eadministration.pdf.App.main([Ljava/lang/String;)V+0
v  ~StubRoutines::call_stub
V  [libjvm.so+0x5518d5]  JavaCalls::call_helper(JavaValue*, methodHandle*, JavaCallArguments*, Thread*)+0x355
V  [libjvm.so+0x5503f8]  JavaCalls::call(JavaValue*, methodHandle, JavaCallArguments*, Thread*)+0x28
V  [libjvm.so+0x56495a]  jni_invoke_static(JNIEnv_*, JavaValue*, _jobject*, JNICallType, _jmethodID*, JNI_ArgumentPusher*, Thread*)+0x20a
V  [libjvm.so+0x570ea2]  jni_CallStaticVoidMethod+0x162
C  [libjli.so+0x3bb3]  JavaMain+0x8d3

Java frames: (J=compiled Java code, j=interpreted, Vv=VM code)
j  sun.misc.Unsafe.copyMemory(Ljava/lang/Object;JLjava/lang/Object;JJ)V+0
j  java.nio.Bits.copyToArray(JLjava/lang/Object;JJJ)V+42
j  java.nio.DirectByteBuffer.get([BII)Ljava/nio/ByteBuffer;+98
j  com.itextpdf.text.io.ByteBufferRandomAccessSource.get(J[BII)I+66
j  com.itextpdf.text.io.MappedChannelRandomAccessSource.get(J[BII)I+27
j  com.itextpdf.text.io.FileChannelRandomAccessSource.get(J[BII)I+10
j  com.itextpdf.text.io.GetBufferedRandomAccessSource.get(J[BII)I+10
j  com.itextpdf.text.io.IndependentRandomAccessSource.get(J[BII)I+10
j  com.itextpdf.text.pdf.RandomAccessFileOrArray.read([BII)I+56
j  com.itextpdf.text.pdf.RandomAccessFileOrArray.readFully([BII)V+13
j  com.itextpdf.text.pdf.RandomAccessFileOrArray.readFully([B)V+5
j  com.itextpdf.text.pdf.PdfReader.getStreamBytesRaw(Lcom/itextpdf/text/pdf/PRStream;Lcom/itextpdf/text/pdf/RandomAccessFileOrArray;)[B+39
j  com.itextpdf.text.pdf.PdfReader.getStreamBytes(Lcom/itextpdf/text/pdf/PRStream;Lcom/itextpdf/text/pdf/RandomAccessFileOrArray;)[B+2
j  com.itextpdf.text.pdf.PdfReader.getStreamBytes(Lcom/itextpdf/text/pdf/PRStream;)[B+14
j  com.itextpdf.text.pdf.PdfStamperImp.readColorProfile()V+92
j  com.itextpdf.text.pdf.PdfStamperImp.<init>(Lcom/itextpdf/text/pdf/PdfReader;Ljava/io/OutputStream;CZ)V+522
j  com.itextpdf.text.pdf.PdfStamper.<init>(Lcom/itextpdf/text/pdf/PdfReader;Ljava/io/OutputStream;)V+13
j  org.cendra.eadministration.pdf.business.EexpPageBuilder.buildBody(Lcom/itextpdf/text/Document;Lorg/cendra/eadministration/pdf/model/EexpPage;)V+142
j  org.cendra.eadministration.pdf.business.EexpPageBuilder.build(Lorg/cendra/eadministration/pdf/model/PdfA3a;)V+184
j  org.cendra.eadministration.pdf.App.example()V+405
j  org.cendra.eadministration.pdf.App.main([Ljava/lang/String;)V+0
v  ~StubRoutines::call_stub

---------------  P R O C E S S  ---------------

Java Threads: ( => current thread )
  0x00007faa780ef800 JavaThread "Service Thread" daemon [_thread_blocked, id=31205, stack(0x00007faa4fcfd000,0x00007faa4fdfe000)]
  0x00007faa780ed800 JavaThread "C2 CompilerThread1" daemon [_thread_blocked, id=31204, stack(0x00007faa4fdfe000,0x00007faa4feff000)]
  0x00007faa780ea800 JavaThread "C2 CompilerThread0" daemon [_thread_blocked, id=31203, stack(0x00007faa4feff000,0x00007faa50000000)]
  0x00007faa780e8000 JavaThread "Signal Dispatcher" daemon [_thread_blocked, id=31202, stack(0x00007faa6c049000,0x00007faa6c14a000)]
  0x00007faa7809b800 JavaThread "Finalizer" daemon [_thread_blocked, id=31201, stack(0x00007faa6cb9f000,0x00007faa6cca0000)]
  0x00007faa78099000 JavaThread "Reference Handler" daemon [_thread_blocked, id=31200, stack(0x00007faa6cca0000,0x00007faa6cda1000)]
=>0x00007faa78009000 JavaThread "main" [_thread_in_vm, id=31194, stack(0x00007faa7ed53000,0x00007faa7ee54000)]

Other Threads:
  0x00007faa78091800 VMThread [stack: 0x00007faa6cda1000,0x00007faa6cea2000] [id=31199]
  0x00007faa780fa800 WatcherThread [stack: 0x00007faa4fbfc000,0x00007faa4fcfd000] [id=31206]

VM state:not at safepoint (normal execution)

VM Mutex/Monitor currently owned by a thread: None

Heap
 PSYoungGen      total 18240K, used 14523K [0x00000000ebab0000, 0x00000000ede50000, 0x0000000100000000)
  eden space 15680K, 76% used [0x00000000ebab0000,0x00000000ec6610f8,0x00000000eca00000)
  from space 2560K, 99% used [0x00000000eca00000,0x00000000ecc7dc50,0x00000000ecc80000)
  to   space 2560K, 0% used [0x00000000edbd0000,0x00000000edbd0000,0x00000000ede50000)
 ParOldGen       total 41664K, used 3353K [0x00000000c3000000, 0x00000000c58b0000, 0x00000000ebab0000)
  object space 41664K, 8% used [0x00000000c3000000,0x00000000c3346638,0x00000000c58b0000)
 PSPermGen       total 21248K, used 9150K [0x00000000bde00000, 0x00000000bf2c0000, 0x00000000c3000000)
  object space 21248K, 43% used [0x00000000bde00000,0x00000000be6ef820,0x00000000bf2c0000)

Card table byte_map: [0x00007faa74dee000,0x00007faa75000000] byte_map_base: 0x00007faa747ff000

Polling page: 0x00007faa7ee7b000

Code Cache  [0x00007faa75000000, 0x00007faa75270000, 0x00007faa78000000)
 total_blobs=472 nmethods=111 adapters=313 free_code_cache=48411Kb largest_free_block=49551360

Compilation events (10 events):
Event: 1,064 Thread 0x00007faa780ed800 nmethod 103 0x00007faa7509a950 code [0x00007faa7509aa80, 0x00007faa7509aaf8]
Event: 1,064 Thread 0x00007faa780ed800  104             java.util.HashMap::createEntry (39 bytes)
Event: 1,065 Thread 0x00007faa780ea800 nmethod 101 0x00007faa750b6950 code [0x00007faa750b6b00, 0x00007faa750b7098]
Event: 1,066 Thread 0x00007faa780ed800 nmethod 104 0x00007faa7509b690 code [0x00007faa7509b7e0, 0x00007faa7509b998]
Event: 1,067 Thread 0x00007faa780ea800  105             java.util.HashMap$HashIterator::nextEntry (99 bytes)
Event: 1,070 Thread 0x00007faa780ea800 nmethod 105 0x00007faa750b7690 code [0x00007faa750b77e0, 0x00007faa750b7918]
Event: 1,071 Thread 0x00007faa780ed800  106             java.lang.Integer::intValue (5 bytes)
Event: 1,071 Thread 0x00007faa780ed800 nmethod 106 0x00007faa750b6750 code [0x00007faa750b6880, 0x00007faa750b68d8]
Event: 1,072 Thread 0x00007faa780ea800  107  s          java.util.Vector::size (5 bytes)
Event: 1,074 Thread 0x00007faa780ea800 nmethod 107 0x00007faa750b4a90 code [0x00007faa750b4bc0, 0x00007faa750b4dd8]

GC Heap History (2 events):
Event: 0,654 GC heap before
{Heap before GC invocations=1 (full 0):
 PSYoungGen      total 18240K, used 15680K [0x00000000ebab0000, 0x00000000ecf00000, 0x0000000100000000)
  eden space 15680K, 100% used [0x00000000ebab0000,0x00000000eca00000,0x00000000eca00000)
  from space 2560K, 0% used [0x00000000ecc80000,0x00000000ecc80000,0x00000000ecf00000)
  to   space 2560K, 0% used [0x00000000eca00000,0x00000000eca00000,0x00000000ecc80000)
 ParOldGen       total 41664K, used 0K [0x00000000c3000000, 0x00000000c58b0000, 0x00000000ebab0000)
  object space 41664K, 0% used [0x00000000c3000000,0x00000000c3000000,0x00000000c58b0000)
 PSPermGen       total 21248K, used 8493K [0x00000000bde00000, 0x00000000bf2c0000, 0x00000000c3000000)
  object space 21248K, 39% used [0x00000000bde00000,0x00000000be64b5e8,0x00000000bf2c0000)
Event: 0,665 GC heap after
Heap after GC invocations=1 (full 0):
 PSYoungGen      total 18240K, used 2551K [0x00000000ebab0000, 0x00000000ede50000, 0x0000000100000000)
  eden space 15680K, 0% used [0x00000000ebab0000,0x00000000ebab0000,0x00000000eca00000)
  from space 2560K, 99% used [0x00000000eca00000,0x00000000ecc7dc50,0x00000000ecc80000)
  to   space 2560K, 0% used [0x00000000edbd0000,0x00000000edbd0000,0x00000000ede50000)
 ParOldGen       total 41664K, used 3353K [0x00000000c3000000, 0x00000000c58b0000, 0x00000000ebab0000)
  object space 41664K, 8% used [0x00000000c3000000,0x00000000c3346638,0x00000000c58b0000)
 PSPermGen       total 21248K, used 8493K [0x00000000bde00000, 0x00000000bf2c0000, 0x00000000c3000000)
  object space 21248K, 39% used [0x00000000bde00000,0x00000000be64b5e8,0x00000000bf2c0000)
}

Deoptimization events (10 events):
Event: 0,808 Thread 0x00007faa78009000 Uncommon trap -58 fr.pc 0x00007faa7509cc20
Event: 0,808 Thread 0x00007faa78009000 Uncommon trap -58 fr.pc 0x00007faa7509cc20
Event: 0,808 Thread 0x00007faa78009000 Uncommon trap -58 fr.pc 0x00007faa7509cc20
Event: 0,808 Thread 0x00007faa78009000 Uncommon trap -34 fr.pc 0x00007faa750819ac
Event: 0,808 Thread 0x00007faa78009000 Uncommon trap -58 fr.pc 0x00007faa7509cc20
Event: 0,811 Thread 0x00007faa78009000 Uncommon trap -34 fr.pc 0x00007faa7506c1b0
Event: 0,918 Thread 0x00007faa78009000 Uncommon trap -58 fr.pc 0x00007faa75067b78
Event: 0,918 Thread 0x00007faa78009000 Uncommon trap -58 fr.pc 0x00007faa75067b78
Event: 0,918 Thread 0x00007faa78009000 Uncommon trap -58 fr.pc 0x00007faa75067b78
Event: 0,918 Thread 0x00007faa78009000 Uncommon trap -58 fr.pc 0x00007faa75067b78

Internal exceptions (10 events):
Event: 0,898 Thread 0x00007faa78009000 Threw 0x00000000ec2f6388 at /HUDSON/workspace/jdk7u9-2-build-linux-amd64-product/jdk7u9/hotspot/src/share/vm/prims/jvm.cpp:1166
Event: 0,900 Thread 0x00007faa78009000 Threw 0x00000000ec305f00 at /HUDSON/workspace/jdk7u9-2-build-linux-amd64-product/jdk7u9/hotspot/src/share/vm/prims/jvm.cpp:1166
Event: 0,902 Thread 0x00007faa78009000 Threw 0x00000000ec30e400 at /HUDSON/workspace/jdk7u9-2-build-linux-amd64-product/jdk7u9/hotspot/src/share/vm/prims/jvm.cpp:1166
Event: 0,920 Thread 0x00007faa78009000 Threw 0x00000000ec356110 at /HUDSON/workspace/jdk7u9-2-build-linux-amd64-product/jdk7u9/hotspot/src/share/vm/prims/jvm.cpp:1166
Event: 0,931 Thread 0x00007faa78009000 Threw 0x00000000ec36d8d0 at /HUDSON/workspace/jdk7u9-2-build-linux-amd64-product/jdk7u9/hotspot/src/share/vm/prims/jvm.cpp:1166
Event: 0,933 Thread 0x00007faa78009000 Threw 0x00000000ec374e20 at /HUDSON/workspace/jdk7u9-2-build-linux-amd64-product/jdk7u9/hotspot/src/share/vm/prims/jvm.cpp:1166
Event: 0,934 Thread 0x00007faa78009000 Threw 0x00000000ec377d50 at /HUDSON/workspace/jdk7u9-2-build-linux-amd64-product/jdk7u9/hotspot/src/share/vm/prims/jvm.cpp:1166
Event: 1,075 Thread 0x00007faa78009000 Threw 0x00000000ec6217f0 at /HUDSON/workspace/jdk7u9-2-build-linux-amd64-product/jdk7u9/hotspot/src/share/vm/prims/jvm.cpp:1166
Event: 1,076 Thread 0x00007faa78009000 Threw 0x00000000ec6327b8 at /HUDSON/workspace/jdk7u9-2-build-linux-amd64-product/jdk7u9/hotspot/src/share/vm/prims/jvm.cpp:1166
Event: 1,077 Thread 0x00007faa78009000 Threw 0x00000000ec636388 at /HUDSON/workspace/jdk7u9-2-build-linux-amd64-product/jdk7u9/hotspot/src/share/vm/prims/jvm.cpp:1166

Events (10 events):
Event: 0,933 loading class 0x00007faa78114c00
Event: 0,933 loading class 0x00007faa78114c00 done
Event: 0,934 loading class 0x00007faa78170080
Event: 0,934 loading class 0x00007faa78170080 done
Event: 1,075 loading class 0x00007faa78119730
Event: 1,075 loading class 0x00007faa78119730 done
Event: 1,076 loading class 0x00007faa78327260
Event: 1,076 loading class 0x00007faa78327260 done
Event: 1,077 loading class 0x00007faa78327ce0
Event: 1,077 loading class 0x00007faa78327ce0 done


Dynamic libraries:
00400000-00401000 r-xp 00000000 08:05 12201326                           /usr/lib/jvm/java-7-oracle/bin/java
00600000-00601000 rw-p 00000000 08:05 12201326                           /usr/lib/jvm/java-7-oracle/bin/java
010da000-010fb000 rw-p 00000000 00:00 0                                  [heap]
bde00000-bf2c0000 rw-p 00000000 00:00 0 
bf2c0000-c3000000 rw-p 00000000 00:00 0 
c3000000-c58b0000 rw-p 00000000 00:00 0 
c58b0000-ebab0000 rw-p 00000000 00:00 0 
ebab0000-ede50000 rw-p 00000000 00:00 0 
ede50000-100000000 rw-p 00000000 00:00 0 
7faa38000000-7faa38021000 rw-p 00000000 00:00 0 
7faa38021000-7faa3c000000 ---p 00000000 00:00 0 
7faa40000000-7faa402ff000 rw-p 00000000 00:00 0 
7faa402ff000-7faa44000000 ---p 00000000 00:00 0 
7faa44000000-7faa44021000 rw-p 00000000 00:00 0 
7faa44021000-7faa48000000 ---p 00000000 00:00 0 
7faa48000000-7faa48516000 rw-p 00000000 00:00 0 
7faa48516000-7faa4c000000 ---p 00000000 00:00 0 
7faa4f515000-7faa4f70c000 rw-p 00000000 00:00 0 
7faa4f70c000-7faa4f77d000 r--s 00000000 08:05 5641699                    /home/java/Dropbox/dev/ws_itext/CendraCM-EA-PDF/resources/fonts/FreeSans.ttf
7faa4f77d000-7faa4f7d5000 r--s 00000000 08:05 5641700                    /home/java/Dropbox/dev/ws_itext/CendraCM-EA-PDF/resources/fonts/FreeSansBold.ttf
7faa4f7d5000-7faa4f7e5000 r-xp 00000000 08:05 12328083                   /usr/lib/jvm/java-7-oracle/jre/lib/amd64/libnio.so
7faa4f7e5000-7faa4f9e5000 ---p 00010000 08:05 12328083                   /usr/lib/jvm/java-7-oracle/jre/lib/amd64/libnio.so
7faa4f9e5000-7faa4f9e6000 rw-p 00010000 08:05 12328083                   /usr/lib/jvm/java-7-oracle/jre/lib/amd64/libnio.so
7faa4f9e6000-7faa4f9fb000 r-xp 00000000 08:05 12328117                   /usr/lib/jvm/java-7-oracle/jre/lib/amd64/libnet.so
7faa4f9fb000-7faa4fbfb000 ---p 00015000 08:05 12328117                   /usr/lib/jvm/java-7-oracle/jre/lib/amd64/libnet.so
7faa4fbfb000-7faa4fbfc000 rw-p 00015000 08:05 12328117                   /usr/lib/jvm/java-7-oracle/jre/lib/amd64/libnet.so
7faa4fbfc000-7faa4fbfd000 ---p 00000000 00:00 0 
7faa4fbfd000-7faa4fcfd000 rw-p 00000000 00:00 0                          [stack:31206]
7faa4fcfd000-7faa4fd00000 ---p 00000000 00:00 0 
7faa4fd00000-7faa4fdfe000 rw-p 00000000 00:00 0                          [stack:31205]
7faa4fdfe000-7faa4fe01000 ---p 00000000 00:00 0 
7faa4fe01000-7faa4feff000 rw-p 00000000 00:00 0                          [stack:31204]
7faa4feff000-7faa4ff02000 ---p 00000000 00:00 0 
7faa4ff02000-7faa50000000 rw-p 00000000 00:00 0                          [stack:31203]
7faa50000000-7faa50021000 rw-p 00000000 00:00 0 
7faa50021000-7faa54000000 ---p 00000000 00:00 0 
7faa54000000-7faa54021000 rw-p 00000000 00:00 0 
7faa54021000-7faa58000000 ---p 00000000 00:00 0 
7faa58000000-7faa58021000 rw-p 00000000 00:00 0 
7faa58021000-7faa5c000000 ---p 00000000 00:00 0 
7faa5c000000-7faa5c021000 rw-p 00000000 00:00 0 
7faa5c021000-7faa60000000 ---p 00000000 00:00 0 
7faa60000000-7faa60021000 rw-p 00000000 00:00 0 
7faa60021000-7faa64000000 ---p 00000000 00:00 0 
7faa64000000-7faa64021000 rw-p 00000000 00:00 0 
7faa64021000-7faa68000000 ---p 00000000 00:00 0 
7faa68000000-7faa68021000 rw-p 00000000 00:00 0 
7faa68021000-7faa6c000000 ---p 00000000 00:00 0 
7faa6c029000-7faa6c049000 r--s 00000000 08:05 5643596                    /home/java/Dropbox/dev/ws_itext/CendraCM-EA-PDF/results/EDOG_UNC_111_2016.pdf
7faa6c049000-7faa6c04c000 ---p 00000000 00:00 0 
7faa6c04c000-7faa6c14a000 rw-p 00000000 00:00 0                          [stack:31202]
7faa6c14a000-7faa6cb9f000 r--p 00000000 08:05 12190280                   /usr/lib/locale/locale-archive
7faa6cb9f000-7faa6cba2000 ---p 00000000 00:00 0 
7faa6cba2000-7faa6cca0000 rw-p 00000000 00:00 0                          [stack:31201]
7faa6cca0000-7faa6cca3000 ---p 00000000 00:00 0 
7faa6cca3000-7faa6cda1000 rw-p 00000000 00:00 0                          [stack:31200]
7faa6cda1000-7faa6cda2000 ---p 00000000 00:00 0 
7faa6cda2000-7faa6dd34000 rw-p 00000000 00:00 0                          [stack:31199]
7faa6dd34000-7faa6def0000 r--s 039da000 08:05 12201943                   /usr/lib/jvm/java-7-oracle/jre/lib/rt.jar
7faa6def0000-7faa70000000 rw-p 00000000 00:00 0 
7faa70000000-7faa70021000 rw-p 00000000 00:00 0 
7faa70021000-7faa74000000 ---p 00000000 00:00 0 
7faa74001000-7faa74014000 r--s 00000000 08:05 5643238                    /home/java/Dropbox/dev/ws_itext/CendraCM-EA-PDF/resources/pdf_externos/CONSTANCIA AFIP.pdf
7faa74014000-7faa749ea000 rw-p 00000000 00:00 0 
7faa749ea000-7faa749eb000 ---p 00000000 00:00 0 
7faa749eb000-7faa74aeb000 rw-p 00000000 00:00 0                          [stack:31198]
7faa74aeb000-7faa74aec000 ---p 00000000 00:00 0 
7faa74aec000-7faa74bec000 rw-p 00000000 00:00 0                          [stack:31197]
7faa74bec000-7faa74bed000 ---p 00000000 00:00 0 
7faa74bed000-7faa74ced000 rw-p 00000000 00:00 0                          [stack:31196]
7faa74ced000-7faa74cee000 ---p 00000000 00:00 0 
7faa74cee000-7faa74df9000 rw-p 00000000 00:00 0                          [stack:31195]
7faa74df9000-7faa74e17000 rw-p 00000000 00:00 0 
7faa74e17000-7faa74e2c000 rw-p 00000000 00:00 0 
7faa74e2c000-7faa74f5c000 rw-p 00000000 00:00 0 
7faa74f5c000-7faa74f6f000 rw-p 00000000 00:00 0 
7faa74f6f000-7faa74fff000 rw-p 00000000 00:00 0 
7faa74fff000-7faa75000000 rw-p 00000000 00:00 0 
7faa75000000-7faa75270000 rwxp 00000000 00:00 0 
7faa75270000-7faa78431000 rw-p 00000000 00:00 0 
7faa78431000-7faa7c000000 ---p 00000000 00:00 0 
7faa7c005000-7faa7c038000 rw-p 00000000 00:00 0 
7faa7c038000-7faa7c056000 rw-p 00000000 00:00 0 
7faa7c056000-7faa7c06b000 rw-p 00000000 00:00 0 
7faa7c06b000-7faa7c19c000 rw-p 00000000 00:00 0 
7faa7c19c000-7faa7c1b6000 r-xp 00000000 08:05 12328079                   /usr/lib/jvm/java-7-oracle/jre/lib/amd64/libzip.so
7faa7c1b6000-7faa7c3b6000 ---p 0001a000 08:05 12328079                   /usr/lib/jvm/java-7-oracle/jre/lib/amd64/libzip.so
7faa7c3b6000-7faa7c3b7000 rw-p 0001a000 08:05 12328079                   /usr/lib/jvm/java-7-oracle/jre/lib/amd64/libzip.so
7faa7c3b7000-7faa7c3c2000 r-xp 00000000 08:05 524876                     /lib/x86_64-linux-gnu/libnss_files-2.19.so
7faa7c3c2000-7faa7c5c1000 ---p 0000b000 08:05 524876                     /lib/x86_64-linux-gnu/libnss_files-2.19.so
7faa7c5c1000-7faa7c5c2000 r--p 0000a000 08:05 524876                     /lib/x86_64-linux-gnu/libnss_files-2.19.so
7faa7c5c2000-7faa7c5c3000 rw-p 0000b000 08:05 524876                     /lib/x86_64-linux-gnu/libnss_files-2.19.so
7faa7c5c3000-7faa7c5ce000 r-xp 00000000 08:05 532823                     /lib/x86_64-linux-gnu/libnss_nis-2.19.so
7faa7c5ce000-7faa7c7cd000 ---p 0000b000 08:05 532823                     /lib/x86_64-linux-gnu/libnss_nis-2.19.so
7faa7c7cd000-7faa7c7ce000 r--p 0000a000 08:05 532823                     /lib/x86_64-linux-gnu/libnss_nis-2.19.so
7faa7c7ce000-7faa7c7cf000 rw-p 0000b000 08:05 532823                     /lib/x86_64-linux-gnu/libnss_nis-2.19.so
7faa7c7cf000-7faa7c7e6000 r-xp 00000000 08:05 528339                     /lib/x86_64-linux-gnu/libnsl-2.19.so
7faa7c7e6000-7faa7c9e5000 ---p 00017000 08:05 528339                     /lib/x86_64-linux-gnu/libnsl-2.19.so
7faa7c9e5000-7faa7c9e6000 r--p 00016000 08:05 528339                     /lib/x86_64-linux-gnu/libnsl-2.19.so
7faa7c9e6000-7faa7c9e7000 rw-p 00017000 08:05 528339                     /lib/x86_64-linux-gnu/libnsl-2.19.so
7faa7c9e7000-7faa7c9e9000 rw-p 00000000 00:00 0 
7faa7c9e9000-7faa7c9f2000 r-xp 00000000 08:05 528337                     /lib/x86_64-linux-gnu/libnss_compat-2.19.so
7faa7c9f2000-7faa7cbf1000 ---p 00009000 08:05 528337                     /lib/x86_64-linux-gnu/libnss_compat-2.19.so
7faa7cbf1000-7faa7cbf2000 r--p 00008000 08:05 528337                     /lib/x86_64-linux-gnu/libnss_compat-2.19.so
7faa7cbf2000-7faa7cbf3000 rw-p 00009000 08:05 528337                     /lib/x86_64-linux-gnu/libnss_compat-2.19.so
7faa7cbf3000-7faa7cc1c000 r-xp 00000000 08:05 12328130                   /usr/lib/jvm/java-7-oracle/jre/lib/amd64/libjava.so
7faa7cc1c000-7faa7ce1c000 ---p 00029000 08:05 12328130                   /usr/lib/jvm/java-7-oracle/jre/lib/amd64/libjava.so
7faa7ce1c000-7faa7ce1e000 rw-p 00029000 08:05 12328130                   /usr/lib/jvm/java-7-oracle/jre/lib/amd64/libjava.so
7faa7ce1e000-7faa7ce2b000 r-xp 00000000 08:05 12328120                   /usr/lib/jvm/java-7-oracle/jre/lib/amd64/libverify.so
7faa7ce2b000-7faa7d02a000 ---p 0000d000 08:05 12328120                   /usr/lib/jvm/java-7-oracle/jre/lib/amd64/libverify.so
7faa7d02a000-7faa7d02c000 rw-p 0000c000 08:05 12328120                   /usr/lib/jvm/java-7-oracle/jre/lib/amd64/libverify.so
7faa7d02c000-7faa7d033000 r-xp 00000000 08:05 532820                     /lib/x86_64-linux-gnu/librt-2.19.so
7faa7d033000-7faa7d232000 ---p 00007000 08:05 532820                     /lib/x86_64-linux-gnu/librt-2.19.so
7faa7d232000-7faa7d233000 r--p 00006000 08:05 532820                     /lib/x86_64-linux-gnu/librt-2.19.so
7faa7d233000-7faa7d234000 rw-p 00007000 08:05 532820                     /lib/x86_64-linux-gnu/librt-2.19.so
7faa7d234000-7faa7d339000 r-xp 00000000 08:05 524841                     /lib/x86_64-linux-gnu/libm-2.19.so
7faa7d339000-7faa7d538000 ---p 00105000 08:05 524841                     /lib/x86_64-linux-gnu/libm-2.19.so
7faa7d538000-7faa7d539000 r--p 00104000 08:05 524841                     /lib/x86_64-linux-gnu/libm-2.19.so
7faa7d539000-7faa7d53a000 rw-p 00105000 08:05 524841                     /lib/x86_64-linux-gnu/libm-2.19.so
7faa7d53a000-7faa7df81000 r-xp 00000000 08:05 12328115                   /usr/lib/jvm/java-7-oracle/jre/lib/amd64/server/libjvm.so
7faa7df81000-7faa7e180000 ---p 00a47000 08:05 12328115                   /usr/lib/jvm/java-7-oracle/jre/lib/amd64/server/libjvm.so
7faa7e180000-7faa7e224000 rw-p 00a46000 08:05 12328115                   /usr/lib/jvm/java-7-oracle/jre/lib/amd64/server/libjvm.so
7faa7e224000-7faa7e25f000 rw-p 00000000 00:00 0 
7faa7e25f000-7faa7e41a000 r-xp 00000000 08:05 532809                     /lib/x86_64-linux-gnu/libc-2.19.so
7faa7e41a000-7faa7e619000 ---p 001bb000 08:05 532809                     /lib/x86_64-linux-gnu/libc-2.19.so
7faa7e619000-7faa7e61d000 r--p 001ba000 08:05 532809                     /lib/x86_64-linux-gnu/libc-2.19.so
7faa7e61d000-7faa7e61f000 rw-p 001be000 08:05 532809                     /lib/x86_64-linux-gnu/libc-2.19.so
7faa7e61f000-7faa7e624000 rw-p 00000000 00:00 0 
7faa7e624000-7faa7e627000 r-xp 00000000 08:05 527880                     /lib/x86_64-linux-gnu/libdl-2.19.so
7faa7e627000-7faa7e826000 ---p 00003000 08:05 527880                     /lib/x86_64-linux-gnu/libdl-2.19.so
7faa7e826000-7faa7e827000 r--p 00002000 08:05 527880                     /lib/x86_64-linux-gnu/libdl-2.19.so
7faa7e827000-7faa7e828000 rw-p 00003000 08:05 527880                     /lib/x86_64-linux-gnu/libdl-2.19.so
7faa7e828000-7faa7e83e000 r-xp 00000000 08:05 12328124                   /usr/lib/jvm/java-7-oracle/jre/lib/amd64/jli/libjli.so
7faa7e83e000-7faa7ea3d000 ---p 00016000 08:05 12328124                   /usr/lib/jvm/java-7-oracle/jre/lib/amd64/jli/libjli.so
7faa7ea3d000-7faa7ea3e000 rw-p 00015000 08:05 12328124                   /usr/lib/jvm/java-7-oracle/jre/lib/amd64/jli/libjli.so
7faa7ea3e000-7faa7ea57000 r-xp 00000000 08:05 532818                     /lib/x86_64-linux-gnu/libpthread-2.19.so
7faa7ea57000-7faa7ec56000 ---p 00019000 08:05 532818                     /lib/x86_64-linux-gnu/libpthread-2.19.so
7faa7ec56000-7faa7ec57000 r--p 00018000 08:05 532818                     /lib/x86_64-linux-gnu/libpthread-2.19.so
7faa7ec57000-7faa7ec58000 rw-p 00019000 08:05 532818                     /lib/x86_64-linux-gnu/libpthread-2.19.so
7faa7ec58000-7faa7ec5c000 rw-p 00000000 00:00 0 
7faa7ec5c000-7faa7ec7f000 r-xp 00000000 08:05 528342                     /lib/x86_64-linux-gnu/ld-2.19.so
7faa7ec82000-7faa7ec85000 rw-p 00000000 00:00 0 
7faa7ec85000-7faa7ec8f000 r--s 00254000 08:05 12201946                   /usr/lib/jvm/java-7-oracle/jre/lib/resources.jar
7faa7ec8f000-7faa7ec93000 r--s 00089000 08:05 12201893                   /usr/lib/jvm/java-7-oracle/jre/lib/jsse.jar
7faa7ec93000-7faa7ec9d000 rw-p 00000000 00:00 0 
7faa7ec9d000-7faa7ed53000 rw-p 00000000 00:00 0 
7faa7ed53000-7faa7ed56000 ---p 00000000 00:00 0 
7faa7ed56000-7faa7ee58000 rw-p 00000000 00:00 0                          [stack:31194]
7faa7ee58000-7faa7ee70000 r--s 00216000 08:05 5636163                    /home/java/.m2/repository/com/itextpdf/itextpdf/5.5.8/itextpdf-5.5.8.jar
7faa7ee70000-7faa7ee72000 r--s 0001a000 08:05 5636533                    /home/java/.m2/repository/com/itextpdf/itext-pdfa/5.5.8/itext-pdfa-5.5.8.jar
7faa7ee72000-7faa7ee7a000 rw-s 00000000 08:05 13894143                   /tmp/hsperfdata_java/31188
7faa7ee7a000-7faa7ee7b000 rw-p 00000000 00:00 0 
7faa7ee7b000-7faa7ee7c000 r--p 00000000 00:00 0 
7faa7ee7c000-7faa7ee7e000 rw-p 00000000 00:00 0 
7faa7ee7e000-7faa7ee7f000 r--p 00022000 08:05 528342                     /lib/x86_64-linux-gnu/ld-2.19.so
7faa7ee7f000-7faa7ee80000 rw-p 00023000 08:05 528342                     /lib/x86_64-linux-gnu/ld-2.19.so
7faa7ee80000-7faa7ee81000 rw-p 00000000 00:00 0 
7ffcef80e000-7ffcef82f000 rw-p 00000000 00:00 0                          [stack]
7ffcef98d000-7ffcef98f000 r-xp 00000000 00:00 0                          [vdso]
ffffffffff600000-ffffffffff601000 r-xp 00000000 00:00 0                  [vsyscall]

VM Arguments:
jvm_args: -Dfile.encoding=UTF-8 
java_command: org.cendra.eadministration.pdf.App
Launcher Type: SUN_STANDARD

Environment Variables:
PATH=/usr/local/sbin:/usr/local/bin:/usr/sbin:/usr/bin:/sbin:/bin:/usr/games:/usr/local/games
SHELL=/bin/bash
DISPLAY=:0

Signal Handlers:
SIGSEGV: [libjvm.so+0x8a5c80], sa_mask[0]=0x7ffbfeff, sa_flags=0x10000004
SIGBUS: [libjvm.so+0x8a5c80], sa_mask[0]=0x7ffbfeff, sa_flags=0x10000004
SIGFPE: [libjvm.so+0x741d60], sa_mask[0]=0x7ffbfeff, sa_flags=0x10000004
SIGPIPE: [libjvm.so+0x741d60], sa_mask[0]=0x7ffbfeff, sa_flags=0x10000004
SIGXFSZ: [libjvm.so+0x741d60], sa_mask[0]=0x7ffbfeff, sa_flags=0x10000004
SIGILL: [libjvm.so+0x741d60], sa_mask[0]=0x7ffbfeff, sa_flags=0x10000004
SIGUSR1: SIG_DFL, sa_mask[0]=0x00000000, sa_flags=0x00000000
SIGUSR2: [libjvm.so+0x7416b0], sa_mask[0]=0x00000004, sa_flags=0x10000004
SIGHUP: [libjvm.so+0x743a40], sa_mask[0]=0x7ffbfeff, sa_flags=0x10000004
SIGINT: [libjvm.so+0x743a40], sa_mask[0]=0x7ffbfeff, sa_flags=0x10000004
SIGTERM: [libjvm.so+0x743a40], sa_mask[0]=0x7ffbfeff, sa_flags=0x10000004
SIGQUIT: [libjvm.so+0x743a40], sa_mask[0]=0x7ffbfeff, sa_flags=0x10000004


---------------  S Y S T E M  ---------------

OS:jessie/sid

uname:Linux 3.13.0-55-generic #94-Ubuntu SMP Thu Jun 18 00:27:10 UTC 2015 x86_64
libc:glibc 2.19 NPTL 2.19 
rlimit: STACK 8192k, CORE 0k, NPROC 30970, NOFILE 4096, AS infinity
load average:0,18 0,24 0,23

/proc/meminfo:
MemTotal:        3994084 kB
MemFree:          214364 kB
Buffers:          185076 kB
Cached:           891944 kB
SwapCached:         4644 kB
Active:          2136972 kB
Inactive:        1240668 kB
Active(anon):    1696696 kB
Inactive(anon):   810024 kB
Active(file):     440276 kB
Inactive(file):   430644 kB
Unevictable:          96 kB
Mlocked:              96 kB
SwapTotal:       4139004 kB
SwapFree:        4131652 kB
Dirty:             17256 kB
Writeback:            12 kB
AnonPages:       2296096 kB
Mapped:           353884 kB
Shmem:            206196 kB
Slab:             271520 kB
SReclaimable:     223476 kB
SUnreclaim:        48044 kB
KernelStack:        5384 kB
PageTables:        68020 kB
NFS_Unstable:          0 kB
Bounce:                0 kB
WritebackTmp:          0 kB
CommitLimit:     6136044 kB
Committed_AS:    7119868 kB
VmallocTotal:   34359738367 kB
VmallocUsed:      545116 kB
VmallocChunk:   34359186348 kB
HardwareCorrupted:     0 kB
AnonHugePages:    868352 kB
HugePages_Total:       0
HugePages_Free:        0
HugePages_Rsvd:        0
HugePages_Surp:        0
Hugepagesize:       2048 kB
DirectMap4k:       71936 kB
DirectMap2M:     4069376 kB


CPU:total 4 (2 cores per cpu, 2 threads per core) family 6 model 42 stepping 7, cmov, cx8, fxsr, mmx, sse, sse2, sse3, ssse3, sse4.1, sse4.2, popcnt, avx, ht, tsc, tscinvbit

/proc/cpuinfo:
processor	: 0
vendor_id	: GenuineIntel
cpu family	: 6
model		: 42
model name	: Intel(R) Core(TM) i3-2330M CPU @ 2.20GHz
stepping	: 7
microcode	: 0x18
cpu MHz		: 800.000
cache size	: 3072 KB
physical id	: 0
siblings	: 4
core id		: 0
cpu cores	: 2
apicid		: 0
initial apicid	: 0
fpu		: yes
fpu_exception	: yes
cpuid level	: 13
wp		: yes
flags		: fpu vme de pse tsc msr pae mce cx8 apic sep mtrr pge mca cmov pat pse36 clflush dts acpi mmx fxsr sse sse2 ss ht tm pbe syscall nx rdtscp lm constant_tsc arch_perfmon pebs bts rep_good nopl xtopology nonstop_tsc aperfmperf eagerfpu pni pclmulqdq dtes64 monitor ds_cpl vmx est tm2 ssse3 cx16 xtpr pdcm pcid sse4_1 sse4_2 x2apic popcnt tsc_deadline_timer xsave avx lahf_lm arat epb xsaveopt pln pts dtherm tpr_shadow vnmi flexpriority ept vpid
bogomips	: 4390.22
clflush size	: 64
cache_alignment	: 64
address sizes	: 36 bits physical, 48 bits virtual
power management:

processor	: 1
vendor_id	: GenuineIntel
cpu family	: 6
model		: 42
model name	: Intel(R) Core(TM) i3-2330M CPU @ 2.20GHz
stepping	: 7
microcode	: 0x18
cpu MHz		: 800.000
cache size	: 3072 KB
physical id	: 0
siblings	: 4
core id		: 0
cpu cores	: 2
apicid		: 1
initial apicid	: 1
fpu		: yes
fpu_exception	: yes
cpuid level	: 13
wp		: yes
flags		: fpu vme de pse tsc msr pae mce cx8 apic sep mtrr pge mca cmov pat pse36 clflush dts acpi mmx fxsr sse sse2 ss ht tm pbe syscall nx rdtscp lm constant_tsc arch_perfmon pebs bts rep_good nopl xtopology nonstop_tsc aperfmperf eagerfpu pni pclmulqdq dtes64 monitor ds_cpl vmx est tm2 ssse3 cx16 xtpr pdcm pcid sse4_1 sse4_2 x2apic popcnt tsc_deadline_timer xsave avx lahf_lm arat epb xsaveopt pln pts dtherm tpr_shadow vnmi flexpriority ept vpid
bogomips	: 4390.22
clflush size	: 64
cache_alignment	: 64
address sizes	: 36 bits physical, 48 bits virtual
power management:

processor	: 2
vendor_id	: GenuineIntel
cpu family	: 6
model		: 42
model name	: Intel(R) Core(TM) i3-2330M CPU @ 2.20GHz
stepping	: 7
microcode	: 0x18
cpu MHz		: 2200.000
cache size	: 3072 KB
physical id	: 0
siblings	: 4
core id		: 1
cpu cores	: 2
apicid		: 2
initial apicid	: 2
fpu		: yes
fpu_exception	: yes
cpuid level	: 13
wp		: yes
flags		: fpu vme de pse tsc msr pae mce cx8 apic sep mtrr pge mca cmov pat pse36 clflush dts acpi mmx fxsr sse sse2 ss ht tm pbe syscall nx rdtscp lm constant_tsc arch_perfmon pebs bts rep_good nopl xtopology nonstop_tsc aperfmperf eagerfpu pni pclmulqdq dtes64 monitor ds_cpl vmx est tm2 ssse3 cx16 xtpr pdcm pcid sse4_1 sse4_2 x2apic popcnt tsc_deadline_timer xsave avx lahf_lm arat epb xsaveopt pln pts dtherm tpr_shadow vnmi flexpriority ept vpid
bogomips	: 4390.22
clflush size	: 64
cache_alignment	: 64
address sizes	: 36 bits physical, 48 bits virtual
power management:

processor	: 3
vendor_id	: GenuineIntel
cpu family	: 6
model		: 42
model name	: Intel(R) Core(TM) i3-2330M CPU @ 2.20GHz
stepping	: 7
microcode	: 0x18
cpu MHz		: 1700.000
cache size	: 3072 KB
physical id	: 0
siblings	: 4
core id		: 1
cpu cores	: 2
apicid		: 3
initial apicid	: 3
fpu		: yes
fpu_exception	: yes
cpuid level	: 13
wp		: yes
flags		: fpu vme de pse tsc msr pae mce cx8 apic sep mtrr pge mca cmov pat pse36 clflush dts acpi mmx fxsr sse sse2 ss ht tm pbe syscall nx rdtscp lm constant_tsc arch_perfmon pebs bts rep_good nopl xtopology nonstop_tsc aperfmperf eagerfpu pni pclmulqdq dtes64 monitor ds_cpl vmx est tm2 ssse3 cx16 xtpr pdcm pcid sse4_1 sse4_2 x2apic popcnt tsc_deadline_timer xsave avx lahf_lm arat epb xsaveopt pln pts dtherm tpr_shadow vnmi flexpriority ept vpid
bogomips	: 4390.22
clflush size	: 64
cache_alignment	: 64
address sizes	: 36 bits physical, 48 bits virtual
power management:



Memory: 4k page, physical 3994084k(214364k free), swap 4139004k(4131652k free)

vm_info: Java HotSpot(TM) 64-Bit Server VM (23.5-b02) for linux-amd64 JRE (1.7.0_09-b05), built on Sep 24 2012 20:07:15 by "java_re" with gcc 4.3.0 20080428 (Red Hat 4.3.0-8)

time: Tue Mar 29 15:38:17 2016
elapsed time: 1 seconds

